Started GET "/" for 127.0.0.1 at 2017-05-10 22:14:54 -0300
Processing by Rails::WelcomeController#index as HTML
  Rendering /usr/local/lib/ruby/gems/2.3.0/gems/railties-5.1.0/lib/rails/templates/rails/welcome/index.html.erb
  Rendered /usr/local/lib/ruby/gems/2.3.0/gems/railties-5.1.0/lib/rails/templates/rails/welcome/index.html.erb (4.9ms)
Completed 200 OK in 243ms (Views: 11.3ms)


Started GET "/" for 127.0.0.1 at 2017-05-10 22:24:21 -0300
Processing by Rails::WelcomeController#index as HTML
  Rendering /usr/local/lib/ruby/gems/2.3.0/gems/railties-5.1.0/lib/rails/templates/rails/welcome/index.html.erb
  Rendered /usr/local/lib/ruby/gems/2.3.0/gems/railties-5.1.0/lib/rails/templates/rails/welcome/index.html.erb (6.2ms)
Completed 200 OK in 192ms (Views: 12.7ms)


Started GET "/" for 127.0.0.1 at 2017-05-11 00:54:20 -0300
Processing by Rails::WelcomeController#index as HTML
Started GET "/" for 127.0.0.1 at 2017-05-11 00:54:21 -0300
Processing by Rails::WelcomeController#index as HTML
  Rendering /Users/lucianfialho/.rvm/gems/ruby-2.3.1/gems/railties-5.1.0/lib/rails/templates/rails/welcome/index.html.erb
  Rendering /Users/lucianfialho/.rvm/gems/ruby-2.3.1/gems/railties-5.1.0/lib/rails/templates/rails/welcome/index.html.erb
  Rendered /Users/lucianfialho/.rvm/gems/ruby-2.3.1/gems/railties-5.1.0/lib/rails/templates/rails/welcome/index.html.erb (5.1ms)
  Rendered /Users/lucianfialho/.rvm/gems/ruby-2.3.1/gems/railties-5.1.0/lib/rails/templates/rails/welcome/index.html.erb (0.2ms)
Completed 200 OK in 278ms (Views: 18.2ms)


Completed 200 OK in 31ms (Views: 12.1ms)


  [1m[35m (0.1ms)[0m  [1m[34mSELECT sqlite_version(*)[0m
  [1m[35m (1.7ms)[0m  [1m[35mCREATE TABLE "schema_migrations" ("version" varchar NOT NULL PRIMARY KEY)[0m
  [1m[35m (1.2ms)[0m  [1m[35mCREATE TABLE "ar_internal_metadata" ("key" varchar NOT NULL PRIMARY KEY, "value" varchar, "created_at" datetime NOT NULL, "updated_at" datetime NOT NULL)[0m
  [1m[35m (0.2ms)[0m  [1m[34mSELECT "schema_migrations"."version" FROM "schema_migrations" ORDER BY "schema_migrations"."version" ASC[0m
Migrating to DeviseCreateUsers (20170511151636)
  [1m[35m (0.1ms)[0m  [1m[36mbegin transaction[0m
  [1m[35m (0.8ms)[0m  [1m[35mCREATE TABLE "users" ("id" INTEGER PRIMARY KEY AUTOINCREMENT NOT NULL, "email" varchar DEFAULT '' NOT NULL, "encrypted_password" varchar DEFAULT '' NOT NULL, "reset_password_token" varchar, "reset_password_sent_at" datetime, "remember_created_at" datetime, "sign_in_count" integer DEFAULT 0 NOT NULL, "current_sign_in_at" datetime, "last_sign_in_at" datetime, "current_sign_in_ip" varchar, "last_sign_in_ip" varchar, "created_at" datetime NOT NULL, "updated_at" datetime NOT NULL)[0m
  [1m[35m (0.2ms)[0m  [1m[35mCREATE UNIQUE INDEX "index_users_on_email" ON "users" ("email")[0m
  [1m[35m (0.1ms)[0m  [1m[34m            SELECT sql
            FROM sqlite_master
            WHERE name='index_users_on_email' AND type='index'
            UNION ALL
            SELECT sql
            FROM sqlite_temp_master
            WHERE name='index_users_on_email' AND type='index'
[0m
  [1m[35m (0.1ms)[0m  [1m[35mCREATE UNIQUE INDEX "index_users_on_reset_password_token" ON "users" ("reset_password_token")[0m
  [1m[35mSQL (0.2ms)[0m  [1m[32mINSERT INTO "schema_migrations" ("version") VALUES (?)[0m  [["version", "20170511151636"]]
  [1m[35m (1.1ms)[0m  [1m[36mcommit transaction[0m
  [1m[36mActiveRecord::InternalMetadata Load (0.2ms)[0m  [1m[34mSELECT  "ar_internal_metadata".* FROM "ar_internal_metadata" WHERE "ar_internal_metadata"."key" = ? LIMIT ?[0m  [["key", "environment"], ["LIMIT", 1]]
  [1m[35m (0.1ms)[0m  [1m[36mbegin transaction[0m
  [1m[35mSQL (0.5ms)[0m  [1m[32mINSERT INTO "ar_internal_metadata" ("key", "value", "created_at", "updated_at") VALUES (?, ?, ?, ?)[0m  [["key", "environment"], ["value", "development"], ["created_at", "2017-05-11 15:17:22.734259"], ["updated_at", "2017-05-11 15:17:22.734259"]]
  [1m[35m (0.9ms)[0m  [1m[36mcommit transaction[0m
  [1m[35m (0.2ms)[0m  [1m[34mSELECT "schema_migrations"."version" FROM "schema_migrations" ORDER BY "schema_migrations"."version" ASC[0m
  [1m[35m (0.2ms)[0m  [1m[34m            SELECT sql
            FROM sqlite_master
            WHERE name='index_users_on_reset_password_token' AND type='index'
            UNION ALL
            SELECT sql
            FROM sqlite_temp_master
            WHERE name='index_users_on_reset_password_token' AND type='index'
[0m
  [1m[35m (0.1ms)[0m  [1m[34m            SELECT sql
            FROM sqlite_master
            WHERE name='index_users_on_email' AND type='index'
            UNION ALL
            SELECT sql
            FROM sqlite_temp_master
            WHERE name='index_users_on_email' AND type='index'
[0m
Started GET "/" for 127.0.0.1 at 2017-05-11 12:21:29 -0300
  [1m[35m (0.3ms)[0m  [1m[34mSELECT "schema_migrations"."version" FROM "schema_migrations" ORDER BY "schema_migrations"."version" ASC[0m
Processing by WelcomeController#index as HTML
Completed 401 Unauthorized in 17ms (ActiveRecord: 0.0ms)


Started GET "/users/sign_in" for 127.0.0.1 at 2017-05-11 12:21:29 -0300
Processing by Devise::SessionsController#new as HTML
  Rendering /Users/lucianfialho/.rvm/gems/ruby-2.3.1/bundler/gems/devise-931ae3985872/app/views/devise/sessions/new.html.erb within layouts/application
  Rendered /Users/lucianfialho/.rvm/gems/ruby-2.3.1/bundler/gems/devise-931ae3985872/app/views/devise/shared/_links.html.erb (4.0ms) [cache miss]
  Rendered /Users/lucianfialho/.rvm/gems/ruby-2.3.1/bundler/gems/devise-931ae3985872/app/views/devise/sessions/new.html.erb within layouts/application (23.6ms)
Completed 200 OK in 746ms (Views: 723.2ms | ActiveRecord: 1.1ms)


  [1m[35m (0.2ms)[0m  [1m[34mSELECT "schema_migrations"."version" FROM "schema_migrations" ORDER BY "schema_migrations"."version" ASC[0m
Migrating to AddImageToUser (20170511152751)
  [1m[35m (0.1ms)[0m  [1m[36mbegin transaction[0m
  [1m[35m (0.7ms)[0m  [1m[35mALTER TABLE "users" ADD "image" varchar[0m
  [1m[35mSQL (0.4ms)[0m  [1m[32mINSERT INTO "schema_migrations" ("version") VALUES (?)[0m  [["version", "20170511152751"]]
  [1m[35m (1.3ms)[0m  [1m[36mcommit transaction[0m
  [1m[36mActiveRecord::InternalMetadata Load (0.6ms)[0m  [1m[34mSELECT  "ar_internal_metadata".* FROM "ar_internal_metadata" WHERE "ar_internal_metadata"."key" = ? LIMIT ?[0m  [["key", "environment"], ["LIMIT", 1]]
  [1m[35m (0.1ms)[0m  [1m[36mbegin transaction[0m
  [1m[35m (0.0ms)[0m  [1m[36mcommit transaction[0m
  [1m[35m (0.1ms)[0m  [1m[34mSELECT "schema_migrations"."version" FROM "schema_migrations" ORDER BY "schema_migrations"."version" ASC[0m
  [1m[35m (0.3ms)[0m  [1m[34m            SELECT sql
            FROM sqlite_master
            WHERE name='index_users_on_reset_password_token' AND type='index'
            UNION ALL
            SELECT sql
            FROM sqlite_temp_master
            WHERE name='index_users_on_reset_password_token' AND type='index'
[0m
  [1m[35m (0.1ms)[0m  [1m[34m            SELECT sql
            FROM sqlite_master
            WHERE name='index_users_on_email' AND type='index'
            UNION ALL
            SELECT sql
            FROM sqlite_temp_master
            WHERE name='index_users_on_email' AND type='index'
[0m
  [1m[35m (0.2ms)[0m  [1m[34mSELECT "schema_migrations"."version" FROM "schema_migrations" ORDER BY "schema_migrations"."version" ASC[0m
Migrating to AddOmniauthToUser (20170511160750)
  [1m[35m (0.1ms)[0m  [1m[36mbegin transaction[0m
  [1m[35m (0.8ms)[0m  [1m[35mALTER TABLE "users" ADD "name" varchar[0m
  [1m[35m (0.3ms)[0m  [1m[35mALTER TABLE "users" ADD "provider" varchar[0m
  [1m[35m (0.2ms)[0m  [1m[35mALTER TABLE "users" ADD "uid" varchar[0m
  [1m[35mSQL (0.3ms)[0m  [1m[32mINSERT INTO "schema_migrations" ("version") VALUES (?)[0m  [["version", "20170511160750"]]
  [1m[35m (1.3ms)[0m  [1m[36mcommit transaction[0m
  [1m[36mActiveRecord::InternalMetadata Load (0.2ms)[0m  [1m[34mSELECT  "ar_internal_metadata".* FROM "ar_internal_metadata" WHERE "ar_internal_metadata"."key" = ? LIMIT ?[0m  [["key", "environment"], ["LIMIT", 1]]
  [1m[35m (0.1ms)[0m  [1m[36mbegin transaction[0m
  [1m[35m (0.1ms)[0m  [1m[36mcommit transaction[0m
  [1m[35m (0.2ms)[0m  [1m[34mSELECT "schema_migrations"."version" FROM "schema_migrations" ORDER BY "schema_migrations"."version" ASC[0m
  [1m[35m (0.2ms)[0m  [1m[34m            SELECT sql
            FROM sqlite_master
            WHERE name='index_users_on_reset_password_token' AND type='index'
            UNION ALL
            SELECT sql
            FROM sqlite_temp_master
            WHERE name='index_users_on_reset_password_token' AND type='index'
[0m
  [1m[35m (0.2ms)[0m  [1m[34m            SELECT sql
            FROM sqlite_master
            WHERE name='index_users_on_email' AND type='index'
            UNION ALL
            SELECT sql
            FROM sqlite_temp_master
            WHERE name='index_users_on_email' AND type='index'
[0m
Started GET "/" for 127.0.0.1 at 2017-05-11 13:14:37 -0300
  [1m[35m (0.2ms)[0m  [1m[34mSELECT "schema_migrations"."version" FROM "schema_migrations" ORDER BY "schema_migrations"."version" ASC[0m
Processing by WelcomeController#index as HTML
Completed 401 Unauthorized in 18ms (ActiveRecord: 0.0ms)


Started GET "/users/sign_in" for 127.0.0.1 at 2017-05-11 13:14:37 -0300
Processing by Devise::SessionsController#new as HTML
  Rendering /Users/lucianfialho/.rvm/gems/ruby-2.3.1/bundler/gems/devise-931ae3985872/app/views/devise/sessions/new.html.erb within layouts/application
  Rendered /Users/lucianfialho/.rvm/gems/ruby-2.3.1/bundler/gems/devise-931ae3985872/app/views/devise/shared/_links.html.erb (1.6ms) [cache miss]
  Rendered /Users/lucianfialho/.rvm/gems/ruby-2.3.1/bundler/gems/devise-931ae3985872/app/views/devise/sessions/new.html.erb within layouts/application (18.2ms)
Completed 200 OK in 361ms (Views: 333.7ms | ActiveRecord: 2.0ms)


Started GET "/" for 127.0.0.1 at 2017-05-11 13:15:55 -0300
Processing by WelcomeController#index as HTML
Completed 401 Unauthorized in 1ms (ActiveRecord: 0.0ms)


Started GET "/users/sign_in" for 127.0.0.1 at 2017-05-11 13:15:55 -0300
Processing by Devise::SessionsController#new as HTML
  Rendering /Users/lucianfialho/.rvm/gems/ruby-2.3.1/bundler/gems/devise-931ae3985872/app/views/devise/sessions/new.html.erb within layouts/application
  Rendered /Users/lucianfialho/.rvm/gems/ruby-2.3.1/bundler/gems/devise-931ae3985872/app/views/devise/shared/_links.html.erb (1.5ms) [cache miss]
  Rendered /Users/lucianfialho/.rvm/gems/ruby-2.3.1/bundler/gems/devise-931ae3985872/app/views/devise/sessions/new.html.erb within layouts/application (8.6ms)
Completed 200 OK in 40ms (Views: 38.0ms | ActiveRecord: 0.0ms)


Started GET "/users/auth/facebook" for 127.0.0.1 at 2017-05-11 13:16:25 -0300
Started GET "/users/auth/facebook" for 127.0.0.1 at 2017-05-11 13:16:25 -0300
